<?xml version="1.0" encoding="UTF-8"?>
<testsuite name="org.warCardGame.AppTest" tests="1" skipped="0" failures="0" errors="0" timestamp="2024-05-23T15:40:41" hostname="ip-10-100-150-38.eu-west-2.compute.internal" time="0.013">
  <properties/>
  <testcase name="appHasAGreeting()" classname="org.warCardGame.AppTest" time="0.013"/>
  <system-out><![CDATA[]]></system-out>
  <system-err><![CDATA[]]></system-err>
</testsuite>
