<?xml version="1.0" encoding="UTF-8"?>
<testsuite name="org.warCardGame.deck.DeckTests" tests="5" skipped="0" failures="0" errors="0" timestamp="2024-05-23T15:40:41" hostname="ip-10-100-150-38.eu-west-2.compute.internal" time="0.004">
  <properties/>
  <testcase name="shouldContain13DiamondCards()" classname="org.warCardGame.deck.DeckTests" time="0.002"/>
  <testcase name="shouldContain13ClubCards()" classname="org.warCardGame.deck.DeckTests" time="0.001"/>
  <testcase name="shouldCreate52Cards()" classname="org.warCardGame.deck.DeckTests" time="0.0"/>
  <testcase name="shouldContain13SpadeCards()" classname="org.warCardGame.deck.DeckTests" time="0.001"/>
  <testcase name="shouldContain13HeartCards()" classname="org.warCardGame.deck.DeckTests" time="0.0"/>
  <system-out><![CDATA[]]></system-out>
  <system-err><![CDATA[]]></system-err>
</testsuite>
